This file contains any messages produced by compilers while
running configure, to aid debugging if configure makes a mistake.

It was created by Apt360 configure 1.0, which was
generated by GNU Autoconf 2.58.  Invocation command line was

  $ ./configure 

## --------- ##
## Platform. ##
## --------- ##

hostname = suse7
uname -m = i686
uname -r = 2.4.10-4GB
uname -s = Linux
uname -v = #1 Fri Sep 28 17:20:21 GMT 2001

/usr/bin/uname -p = unknown
/bin/uname -X     = unknown

/bin/arch              = i686
/usr/bin/arch -k       = unknown
/usr/convex/getsysinfo = unknown
hostinfo               = unknown
/bin/machine           = unknown
/usr/bin/oslevel       = unknown
/bin/universe          = unknown

PATH: /usr/local/qt/bin
PATH: /usr/local/qt/bin
PATH: /usr/local/qt/bin
PATH: /usr/local/qt/bin
PATH: /home/brent/bin
PATH: /usr/local/bin
PATH: /usr/bin
PATH: /usr/X11R6/bin
PATH: /bin
PATH: /usr/games/bin
PATH: /usr/games
PATH: /opt/gnome/bin
PATH: /opt/kde2/bin
PATH: .
PATH: /home/brent/bin
PATH: /usr/gnat/bin
PATH: /usr/X11R6/bin/
PATH: /usr/bin/X11/
PATH: /usr/X11/bin/
PATH: /usr/brlcad/bin


## ----------- ##
## Core tests. ##
## ----------- ##

configure:1363: checking for a BSD-compatible install
configure:1418: result: /usr/bin/install -c
configure:1429: checking whether build environment is sane
configure:1472: result: yes
configure:1505: checking for gawk
configure:1521: found /usr/bin/gawk
configure:1531: result: gawk
configure:1541: checking whether make sets $(MAKE)
configure:1561: result: yes
configure:1771: checking for g++
configure:1787: found /usr/bin/g++
configure:1797: result: g++
configure:1813: checking for C++ compiler version
configure:1816: g++ --version </dev/null >&5
2.95.3
configure:1819: $? = 0
configure:1821: g++ -v </dev/null >&5
Reading specs from /usr/lib/gcc-lib/i486-suse-linux/2.95.3/specs
gcc version 2.95.3 20010315 (SuSE)
configure:1824: $? = 0
configure:1826: g++ -V </dev/null >&5
g++: argument to `-V' missing

configure:1829: $? = 1
configure:1852: checking for C++ compiler default output file name
configure:1855: g++    conftest.cc  >&5
configure:1858: $? = 0
configure:1904: result: a.out
configure:1909: checking whether the C++ compiler works
configure:1915: ./a.out
configure:1918: $? = 0
configure:1935: result: yes
configure:1942: checking whether we are cross compiling
configure:1944: result: no
configure:1947: checking for suffix of executables
configure:1949: g++ -o conftest    conftest.cc  >&5
configure:1952: $? = 0
configure:1977: result: 
configure:1983: checking for suffix of object files
configure:2004: g++ -c   conftest.cc >&5
configure:2007: $? = 0
configure:2029: result: o
configure:2033: checking whether we are using the GNU C++ compiler
configure:2057: g++ -c   conftest.cc >&5
configure:2063: $? = 0
configure:2067: test -z 
			 || test ! -s conftest.err
configure:2070: $? = 0
configure:2073: test -s conftest.o
configure:2076: $? = 0
configure:2089: result: yes
configure:2095: checking whether g++ accepts -g
configure:2116: g++ -c -g  conftest.cc >&5
configure:2122: $? = 0
configure:2126: test -z 
			 || test ! -s conftest.err
configure:2129: $? = 0
configure:2132: test -s conftest.o
configure:2135: $? = 0
configure:2146: result: yes
configure:2188: g++ -c -g -O2  conftest.cc >&5
configure:2194: $? = 0
configure:2198: test -z 
			 || test ! -s conftest.err
configure:2201: $? = 0
configure:2204: test -s conftest.o
configure:2207: $? = 0
configure:2233: g++ -c -g -O2  conftest.cc >&5
configure:2239: $? = 0
configure:2243: test -z 
			 || test ! -s conftest.err
configure:2246: $? = 0
configure:2249: test -s conftest.o
configure:2252: $? = 0
configure:2286: checking for style of include used by make
configure:2314: result: GNU
configure:2342: checking dependency style of g++
configure:2425: result: gcc
configure:2488: checking for gcc
configure:2504: found /usr/bin/gcc
configure:2514: result: gcc
configure:2758: checking for C compiler version
configure:2761: gcc --version </dev/null >&5
2.95.3
configure:2764: $? = 0
configure:2766: gcc -v </dev/null >&5
Reading specs from /usr/lib/gcc-lib/i486-suse-linux/2.95.3/specs
gcc version 2.95.3 20010315 (SuSE)
configure:2769: $? = 0
configure:2771: gcc -V </dev/null >&5
gcc: argument to `-V' is missing
configure:2774: $? = 1
configure:2777: checking whether we are using the GNU C compiler
configure:2801: gcc -c   conftest.c >&5
configure:2807: $? = 0
configure:2811: test -z 
			 || test ! -s conftest.err
configure:2814: $? = 0
configure:2817: test -s conftest.o
configure:2820: $? = 0
configure:2833: result: yes
configure:2839: checking whether gcc accepts -g
configure:2860: gcc -c -g  conftest.c >&5
configure:2866: $? = 0
configure:2870: test -z 
			 || test ! -s conftest.err
configure:2873: $? = 0
configure:2876: test -s conftest.o
configure:2879: $? = 0
configure:2890: result: yes
configure:2907: checking for gcc option to accept ANSI C
configure:2977: gcc  -c -g -O2  conftest.c >&5
configure:2983: $? = 0
configure:2987: test -z 
			 || test ! -s conftest.err
configure:2990: $? = 0
configure:2993: test -s conftest.o
configure:2996: $? = 0
configure:3014: result: none needed
configure:3032: gcc -c -g -O2  conftest.c >&5
conftest.c:2: parse error before `me'
configure:3038: $? = 1
configure: failed program was:
| #ifndef __cplusplus
|   choke me
| #endif
configure:3173: checking dependency style of gcc
configure:3256: result: gcc
configure:3278: checking how to run the C preprocessor
configure:3313: gcc -E  conftest.c
configure:3319: $? = 0
configure:3351: gcc -E  conftest.c
conftest.c:9: ac_nonexistent.h: No such file or directory
configure:3357: $? = 1
configure: failed program was:
| /* confdefs.h.  */
| 
| #define PACKAGE_NAME "Apt360"
| #define PACKAGE_TARNAME "apt360"
| #define PACKAGE_VERSION "1.0"
| #define PACKAGE_STRING "Apt360 1.0"
| #define PACKAGE_BUGREPORT "crotchet@sourceforge.net"
| /* end confdefs.h.  */
| #include <ac_nonexistent.h>
configure:3396: result: gcc -E
configure:3420: gcc -E  conftest.c
configure:3426: $? = 0
configure:3458: gcc -E  conftest.c
conftest.c:9: ac_nonexistent.h: No such file or directory
configure:3464: $? = 1
configure: failed program was:
| /* confdefs.h.  */
| 
| #define PACKAGE_NAME "Apt360"
| #define PACKAGE_TARNAME "apt360"
| #define PACKAGE_VERSION "1.0"
| #define PACKAGE_STRING "Apt360 1.0"
| #define PACKAGE_BUGREPORT "crotchet@sourceforge.net"
| /* end confdefs.h.  */
| #include <ac_nonexistent.h>
configure:3520: checking for main in -ldxf
configure:3544: gcc -o conftest -g -O2   conftest.c -ldxf   >&5
configure:3550: $? = 0
configure:3554: test -z 
			 || test ! -s conftest.err
configure:3557: $? = 0
configure:3560: test -s conftest
configure:3563: $? = 0
configure:3576: result: yes
configure:3594: checking for fabs in -lm
configure:3624: gcc -o conftest -g -O2   conftest.c -lm  -ldxf  >&5
conftest.c:17: warning: conflicting types for built-in function `fabs'
configure:3630: $? = 0
configure:3634: test -z 
			 || test ! -s conftest.err
configure:3637: $? = 0
configure:3640: test -s conftest
configure:3643: $? = 0
configure:3656: result: yes
configure:3672: checking for main in -lgslcblas
configure:3696: gcc -o conftest -g -O2   conftest.c -lgslcblas  -lm -ldxf  >&5
configure:3702: $? = 0
configure:3706: test -z 
			 || test ! -s conftest.err
configure:3709: $? = 0
configure:3712: test -s conftest
configure:3715: $? = 0
configure:3728: result: yes
configure:3740: checking for gsl_poly_solve_cubic in -lgsl
configure:3770: gcc -o conftest -g -O2   conftest.c -lgsl  -lgslcblas -lm -ldxf  >&5
configure:3776: $? = 0
configure:3780: test -z 
			 || test ! -s conftest.err
configure:3783: $? = 0
configure:3786: test -s conftest
configure:3789: $? = 0
configure:3802: result: yes
configure:3821: checking for f2c library
configure:3839: gcc -o conftest -g -O2   conftest.c -lf2c  -lgsl -lgslcblas -lm -ldxf  >&5
configure:3845: $? = 0
configure:3849: test -z 
			 || test ! -s conftest.err
configure:3852: $? = 0
configure:3855: test -s conftest
configure:3858: $? = 0
configure:3860: result: yes
configure:3879: checking for egrep
configure:3889: result: grep -E
configure:3894: checking for ANSI C header files
configure:3919: gcc -c -g -O2  conftest.c >&5
configure:3925: $? = 0
configure:3929: test -z 
			 || test ! -s conftest.err
configure:3932: $? = 0
configure:3935: test -s conftest.o
configure:3938: $? = 0
configure:4024: gcc -o conftest -g -O2   conftest.c -lgsl -lgslcblas -lm -ldxf  >&5
configure:4027: $? = 0
configure:4029: ./conftest
configure:4032: $? = 0
configure:4047: result: yes
configure:4057: checking for sys/wait.h that is POSIX.1 compatible
configure:4088: gcc -c -g -O2  conftest.c >&5
configure:4094: $? = 0
configure:4098: test -z 
			 || test ! -s conftest.err
configure:4101: $? = 0
configure:4104: test -s conftest.o
configure:4107: $? = 0
configure:4118: result: yes
configure:4142: checking for sys/types.h
configure:4158: gcc -c -g -O2  conftest.c >&5
configure:4164: $? = 0
configure:4168: test -z 
			 || test ! -s conftest.err
configure:4171: $? = 0
configure:4174: test -s conftest.o
configure:4177: $? = 0
configure:4188: result: yes
configure:4142: checking for sys/stat.h
configure:4158: gcc -c -g -O2  conftest.c >&5
configure:4164: $? = 0
configure:4168: test -z 
			 || test ! -s conftest.err
configure:4171: $? = 0
configure:4174: test -s conftest.o
configure:4177: $? = 0
configure:4188: result: yes
configure:4142: checking for stdlib.h
configure:4158: gcc -c -g -O2  conftest.c >&5
configure:4164: $? = 0
configure:4168: test -z 
			 || test ! -s conftest.err
configure:4171: $? = 0
configure:4174: test -s conftest.o
configure:4177: $? = 0
configure:4188: result: yes
configure:4142: checking for string.h
configure:4158: gcc -c -g -O2  conftest.c >&5
configure:4164: $? = 0
configure:4168: test -z 
			 || test ! -s conftest.err
configure:4171: $? = 0
configure:4174: test -s conftest.o
configure:4177: $? = 0
configure:4188: result: yes
configure:4142: checking for memory.h
configure:4158: gcc -c -g -O2  conftest.c >&5
configure:4164: $? = 0
configure:4168: test -z 
			 || test ! -s conftest.err
configure:4171: $? = 0
configure:4174: test -s conftest.o
configure:4177: $? = 0
configure:4188: result: yes
configure:4142: checking for strings.h
configure:4158: gcc -c -g -O2  conftest.c >&5
configure:4164: $? = 0
configure:4168: test -z 
			 || test ! -s conftest.err
configure:4171: $? = 0
configure:4174: test -s conftest.o
configure:4177: $? = 0
configure:4188: result: yes
configure:4142: checking for inttypes.h
configure:4158: gcc -c -g -O2  conftest.c >&5
configure:4164: $? = 0
configure:4168: test -z 
			 || test ! -s conftest.err
configure:4171: $? = 0
configure:4174: test -s conftest.o
configure:4177: $? = 0
configure:4188: result: yes
configure:4142: checking for stdint.h
configure:4158: gcc -c -g -O2  conftest.c >&5
configure:4164: $? = 0
configure:4168: test -z 
			 || test ! -s conftest.err
configure:4171: $? = 0
configure:4174: test -s conftest.o
configure:4177: $? = 0
configure:4188: result: yes
configure:4142: checking for unistd.h
configure:4158: gcc -c -g -O2  conftest.c >&5
configure:4164: $? = 0
configure:4168: test -z 
			 || test ! -s conftest.err
configure:4171: $? = 0
configure:4174: test -s conftest.o
configure:4177: $? = 0
configure:4188: result: yes
configure:4219: checking errno.h usability
configure:4231: gcc -c -g -O2  conftest.c >&5
configure:4237: $? = 0
configure:4241: test -z 
			 || test ! -s conftest.err
configure:4244: $? = 0
configure:4247: test -s conftest.o
configure:4250: $? = 0
configure:4260: result: yes
configure:4264: checking errno.h presence
configure:4274: gcc -E  conftest.c
configure:4280: $? = 0
configure:4300: result: yes
configure:4335: checking for errno.h
configure:4342: result: yes
configure:4219: checking float.h usability
configure:4231: gcc -c -g -O2  conftest.c >&5
configure:4237: $? = 0
configure:4241: test -z 
			 || test ! -s conftest.err
configure:4244: $? = 0
configure:4247: test -s conftest.o
configure:4250: $? = 0
configure:4260: result: yes
configure:4264: checking float.h presence
configure:4274: gcc -E  conftest.c
configure:4280: $? = 0
configure:4300: result: yes
configure:4335: checking for float.h
configure:4342: result: yes
configure:4219: checking limits.h usability
configure:4231: gcc -c -g -O2  conftest.c >&5
configure:4237: $? = 0
configure:4241: test -z 
			 || test ! -s conftest.err
configure:4244: $? = 0
configure:4247: test -s conftest.o
configure:4250: $? = 0
configure:4260: result: yes
configure:4264: checking limits.h presence
configure:4274: gcc -E  conftest.c
configure:4280: $? = 0
configure:4300: result: yes
configure:4335: checking for limits.h
configure:4342: result: yes
configure:4210: checking for stdlib.h
configure:4215: result: yes
configure:4210: checking for string.h
configure:4215: result: yes
configure:4210: checking for unistd.h
configure:4215: result: yes
configure:4369: checking f2c.h usability
configure:4381: gcc -c -g -O2  conftest.c >&5
configure:4387: $? = 0
configure:4391: test -z 
			 || test ! -s conftest.err
configure:4394: $? = 0
configure:4397: test -s conftest.o
configure:4400: $? = 0
configure:4410: result: yes
configure:4414: checking f2c.h presence
configure:4424: gcc -E  conftest.c
configure:4430: $? = 0
configure:4450: result: yes
configure:4485: checking for f2c.h
configure:4492: result: yes
configure:4524: checking how to run the C++ preprocessor
configure:4555: g++ -E  conftest.cc
configure:4561: $? = 0
configure:4593: g++ -E  conftest.cc
conftest.cc:31: ac_nonexistent.h: No such file or directory
configure:4599: $? = 1
configure: failed program was:
| /* confdefs.h.  */
| 
| #define PACKAGE_NAME "Apt360"
| #define PACKAGE_TARNAME "apt360"
| #define PACKAGE_VERSION "1.0"
| #define PACKAGE_STRING "Apt360 1.0"
| #define PACKAGE_BUGREPORT "crotchet@sourceforge.net"
| #define HAVE_LIBDXF 1
| #define HAVE_LIBM 1
| #define HAVE_LIBGSLCBLAS 1
| #define HAVE_LIBGSL 1
| #define STDC_HEADERS 1
| #define HAVE_SYS_WAIT_H 1
| #define HAVE_SYS_TYPES_H 1
| #define HAVE_SYS_STAT_H 1
| #define HAVE_STDLIB_H 1
| #define HAVE_STRING_H 1
| #define HAVE_MEMORY_H 1
| #define HAVE_STRINGS_H 1
| #define HAVE_INTTYPES_H 1
| #define HAVE_STDINT_H 1
| #define HAVE_UNISTD_H 1
| #define HAVE_ERRNO_H 1
| #define HAVE_FLOAT_H 1
| #define HAVE_LIMITS_H 1
| #define HAVE_STDLIB_H 1
| #define HAVE_STRING_H 1
| #define HAVE_UNISTD_H 1
| #define HAVE_F2C_H 1
| /* end confdefs.h.  */
| #include <ac_nonexistent.h>
configure:4638: result: g++ -E
configure:4662: g++ -E  conftest.cc
configure:4668: $? = 0
configure:4700: g++ -E  conftest.cc
conftest.cc:31: ac_nonexistent.h: No such file or directory
configure:4706: $? = 1
configure: failed program was:
| /* confdefs.h.  */
| 
| #define PACKAGE_NAME "Apt360"
| #define PACKAGE_TARNAME "apt360"
| #define PACKAGE_VERSION "1.0"
| #define PACKAGE_STRING "Apt360 1.0"
| #define PACKAGE_BUGREPORT "crotchet@sourceforge.net"
| #define HAVE_LIBDXF 1
| #define HAVE_LIBM 1
| #define HAVE_LIBGSLCBLAS 1
| #define HAVE_LIBGSL 1
| #define STDC_HEADERS 1
| #define HAVE_SYS_WAIT_H 1
| #define HAVE_SYS_TYPES_H 1
| #define HAVE_SYS_STAT_H 1
| #define HAVE_STDLIB_H 1
| #define HAVE_STRING_H 1
| #define HAVE_MEMORY_H 1
| #define HAVE_STRINGS_H 1
| #define HAVE_INTTYPES_H 1
| #define HAVE_STDINT_H 1
| #define HAVE_UNISTD_H 1
| #define HAVE_ERRNO_H 1
| #define HAVE_FLOAT_H 1
| #define HAVE_LIMITS_H 1
| #define HAVE_STDLIB_H 1
| #define HAVE_STRING_H 1
| #define HAVE_UNISTD_H 1
| #define HAVE_F2C_H 1
| /* end confdefs.h.  */
| #include <ac_nonexistent.h>
configure:4764: checking gsl/gsl_poly.h usability
configure:4776: g++ -c -g -O2  conftest.cc >&5
configure:4782: $? = 0
configure:4786: test -z 
			 || test ! -s conftest.err
configure:4789: $? = 0
configure:4792: test -s conftest.o
configure:4795: $? = 0
configure:4805: result: yes
configure:4809: checking gsl/gsl_poly.h presence
configure:4819: g++ -E  conftest.cc
configure:4825: $? = 0
configure:4845: result: yes
configure:4880: checking for gsl/gsl_poly.h
configure:4887: result: yes
configure:4915: checking dxflib/dl_dxf.h usability
configure:4927: g++ -c -g -O2  conftest.cc >&5
configure:4933: $? = 0
configure:4937: test -z 
			 || test ! -s conftest.err
configure:4940: $? = 0
configure:4943: test -s conftest.o
configure:4946: $? = 0
configure:4956: result: yes
configure:4960: checking dxflib/dl_dxf.h presence
configure:4970: g++ -E  conftest.cc
configure:4976: $? = 0
configure:4996: result: yes
configure:5031: checking for dxflib/dl_dxf.h
configure:5038: result: yes
configure:4915: checking dxflib/dl_writer_ascii.h usability
configure:4927: g++ -c -g -O2  conftest.cc >&5
configure:4933: $? = 0
configure:4937: test -z 
			 || test ! -s conftest.err
configure:4940: $? = 0
configure:4943: test -s conftest.o
configure:4946: $? = 0
configure:4956: result: yes
configure:4960: checking dxflib/dl_writer_ascii.h presence
configure:4970: g++ -E  conftest.cc
configure:4976: $? = 0
configure:4996: result: yes
configure:5031: checking for dxflib/dl_writer_ascii.h
configure:5038: result: yes
configure:5056: checking for an ANSI C-conforming const
configure:5123: g++ -c -g -O2  conftest.cc >&5
configure:5129: $? = 0
configure:5133: test -z 
			 || test ! -s conftest.err
configure:5136: $? = 0
configure:5139: test -s conftest.o
configure:5142: $? = 0
configure:5153: result: yes
configure:5163: checking whether struct tm is in sys/time.h or time.h
configure:5186: g++ -c -g -O2  conftest.cc >&5
configure:5192: $? = 0
configure:5196: test -z 
			 || test ! -s conftest.err
configure:5199: $? = 0
configure:5202: test -s conftest.o
configure:5205: $? = 0
configure:5216: result: time.h
configure:5228: checking for pid_t
configure:5252: g++ -c -g -O2  conftest.cc >&5
configure:5258: $? = 0
configure:5262: test -z 
			 || test ! -s conftest.err
configure:5265: $? = 0
configure:5268: test -s conftest.o
configure:5271: $? = 0
configure:5282: result: yes
configure:5300: checking for unistd.h
configure:5305: result: yes
configure:5309: checking vfork.h usability
configure:5321: g++ -c -g -O2  conftest.cc >&5
conftest.cc:69: vfork.h: No such file or directory
configure:5327: $? = 1
configure: failed program was:
| /* confdefs.h.  */
| 
| #define PACKAGE_NAME "Apt360"
| #define PACKAGE_TARNAME "apt360"
| #define PACKAGE_VERSION "1.0"
| #define PACKAGE_STRING "Apt360 1.0"
| #define PACKAGE_BUGREPORT "crotchet@sourceforge.net"
| #define HAVE_LIBDXF 1
| #define HAVE_LIBM 1
| #define HAVE_LIBGSLCBLAS 1
| #define HAVE_LIBGSL 1
| #define STDC_HEADERS 1
| #define HAVE_SYS_WAIT_H 1
| #define HAVE_SYS_TYPES_H 1
| #define HAVE_SYS_STAT_H 1
| #define HAVE_STDLIB_H 1
| #define HAVE_STRING_H 1
| #define HAVE_MEMORY_H 1
| #define HAVE_STRINGS_H 1
| #define HAVE_INTTYPES_H 1
| #define HAVE_STDINT_H 1
| #define HAVE_UNISTD_H 1
| #define HAVE_ERRNO_H 1
| #define HAVE_FLOAT_H 1
| #define HAVE_LIMITS_H 1
| #define HAVE_STDLIB_H 1
| #define HAVE_STRING_H 1
| #define HAVE_UNISTD_H 1
| #define HAVE_F2C_H 1
| #define HAVE_GSL_GSL_POLY_H 1
| #define HAVE_DXFLIB_DL_DXF_H 1
| #define HAVE_DXFLIB_DL_WRITER_ASCII_H 1
| #define HAVE_UNISTD_H 1
| /* end confdefs.h.  */
| #include <stdio.h>
| #if HAVE_SYS_TYPES_H
| # include <sys/types.h>
| #endif
| #if HAVE_SYS_STAT_H
| # include <sys/stat.h>
| #endif
| #if STDC_HEADERS
| # include <stdlib.h>
| # include <stddef.h>
| #else
| # if HAVE_STDLIB_H
| #  include <stdlib.h>
| # endif
| #endif
| #if HAVE_STRING_H
| # if !STDC_HEADERS && HAVE_MEMORY_H
| #  include <memory.h>
| # endif
| # include <string.h>
| #endif
| #if HAVE_STRINGS_H
| # include <strings.h>
| #endif
| #if HAVE_INTTYPES_H
| # include <inttypes.h>
| #else
| # if HAVE_STDINT_H
| #  include <stdint.h>
| # endif
| #endif
| #if HAVE_UNISTD_H
| # include <unistd.h>
| #endif
| #include <vfork.h>
configure:5350: result: no
configure:5354: checking vfork.h presence
configure:5364: g++ -E  conftest.cc
conftest.cc:35: vfork.h: No such file or directory
configure:5370: $? = 1
configure: failed program was:
| /* confdefs.h.  */
| 
| #define PACKAGE_NAME "Apt360"
| #define PACKAGE_TARNAME "apt360"
| #define PACKAGE_VERSION "1.0"
| #define PACKAGE_STRING "Apt360 1.0"
| #define PACKAGE_BUGREPORT "crotchet@sourceforge.net"
| #define HAVE_LIBDXF 1
| #define HAVE_LIBM 1
| #define HAVE_LIBGSLCBLAS 1
| #define HAVE_LIBGSL 1
| #define STDC_HEADERS 1
| #define HAVE_SYS_WAIT_H 1
| #define HAVE_SYS_TYPES_H 1
| #define HAVE_SYS_STAT_H 1
| #define HAVE_STDLIB_H 1
| #define HAVE_STRING_H 1
| #define HAVE_MEMORY_H 1
| #define HAVE_STRINGS_H 1
| #define HAVE_INTTYPES_H 1
| #define HAVE_STDINT_H 1
| #define HAVE_UNISTD_H 1
| #define HAVE_ERRNO_H 1
| #define HAVE_FLOAT_H 1
| #define HAVE_LIMITS_H 1
| #define HAVE_STDLIB_H 1
| #define HAVE_STRING_H 1
| #define HAVE_UNISTD_H 1
| #define HAVE_F2C_H 1
| #define HAVE_GSL_GSL_POLY_H 1
| #define HAVE_DXFLIB_DL_DXF_H 1
| #define HAVE_DXFLIB_DL_WRITER_ASCII_H 1
| #define HAVE_UNISTD_H 1
| /* end confdefs.h.  */
| #include <vfork.h>
configure:5390: result: no
configure:5425: checking for vfork.h
configure:5432: result: no
configure:5450: checking for fork
configure:5507: g++ -o conftest -g -O2   conftest.cc -lgsl -lgslcblas -lm -ldxf  >&5
configure:5513: $? = 0
configure:5517: test -z 
			 || test ! -s conftest.err
configure:5520: $? = 0
configure:5523: test -s conftest
configure:5526: $? = 0
configure:5538: result: yes
configure:5450: checking for vfork
configure:5507: g++ -o conftest -g -O2   conftest.cc -lgsl -lgslcblas -lm -ldxf  >&5
configure:5513: $? = 0
configure:5517: test -z 
			 || test ! -s conftest.err
configure:5520: $? = 0
configure:5523: test -s conftest
configure:5526: $? = 0
configure:5538: result: yes
configure:5549: checking for working fork
configure:5572: g++ -o conftest -g -O2   conftest.cc -lgsl -lgslcblas -lm -ldxf  >&5
conftest.cc: In function `int main()':
conftest.cc:9: implicit declaration of function `int fork(...)'
configure:5575: $? = 1
configure: program exited with status 1
configure: failed program was:
| /* By Ruediger Kuhlmann. */
|       #include <sys/types.h>
|       #if HAVE_UNISTD_H
|       # include <unistd.h>
|       #endif
|       /* Some systems only have a dummy stub for fork() */
|       int main ()
|       {
| 	if (fork() < 0)
| 	  exit (1);
| 	exit (0);
|       }
configure:5594: result: no
configure:5615: checking for working vfork
configure:5748: result: yes
configure:5783: checking for strftime
configure:5840: g++ -o conftest -g -O2   conftest.cc -lgsl -lgslcblas -lm -ldxf  >&5
configure:5846: $? = 0
configure:5850: test -z 
			 || test ! -s conftest.err
configure:5853: $? = 0
configure:5856: test -s conftest
configure:5859: $? = 0
configure:5871: result: yes
configure:5961: checking for rint
configure:6018: g++ -o conftest -g -O2   conftest.cc -lgsl -lgslcblas -lm -ldxf  >&5
configure:6024: $? = 0
configure:6028: test -z 
			 || test ! -s conftest.err
configure:6031: $? = 0
configure:6034: test -s conftest
configure:6037: $? = 0
configure:6049: result: yes
configure:5961: checking for sqrt
configure:6018: g++ -o conftest -g -O2   conftest.cc -lgsl -lgslcblas -lm -ldxf  >&5
conftest.cc:64: warning: declaration of `char sqrt(...)'
conftest.cc:64: warning: conflicts with built-in declaration `double sqrt(double)'
configure:6024: $? = 0
configure:6028: test -z 
			 || test ! -s conftest.err
configure:6031: $? = 0
configure:6034: test -s conftest
configure:6037: $? = 0
configure:6049: result: yes
configure:5961: checking for strerror
configure:6018: g++ -o conftest -g -O2   conftest.cc -lgsl -lgslcblas -lm -ldxf  >&5
configure:6024: $? = 0
configure:6028: test -z 
			 || test ! -s conftest.err
configure:6031: $? = 0
configure:6034: test -s conftest
configure:6037: $? = 0
configure:6049: result: yes
configure:6061: checking whether make sets $(MAKE)
configure:6081: result: yes
configure:6103: checking for a BSD-compatible install
configure:6158: result: /usr/bin/install -c
configure:6170: checking whether byte ordering is bigendian
configure:6197: g++ -c -g -O2  conftest.cc >&5
configure:6203: $? = 0
configure:6207: test -z 
			 || test ! -s conftest.err
configure:6210: $? = 0
configure:6213: test -s conftest.o
configure:6216: $? = 0
configure:6240: g++ -c -g -O2  conftest.cc >&5
conftest.cc: In function `int main()':
conftest.cc:49: `not' undeclared (first use this function)
conftest.cc:49: (Each undeclared identifier is reported only once
conftest.cc:49: for each function it appears in.)
conftest.cc:49: parse error before `endian'
configure:6246: $? = 1
configure: failed program was:
| /* confdefs.h.  */
| 
| #define PACKAGE_NAME "Apt360"
| #define PACKAGE_TARNAME "apt360"
| #define PACKAGE_VERSION "1.0"
| #define PACKAGE_STRING "Apt360 1.0"
| #define PACKAGE_BUGREPORT "crotchet@sourceforge.net"
| #define HAVE_LIBDXF 1
| #define HAVE_LIBM 1
| #define HAVE_LIBGSLCBLAS 1
| #define HAVE_LIBGSL 1
| #define STDC_HEADERS 1
| #define HAVE_SYS_WAIT_H 1
| #define HAVE_SYS_TYPES_H 1
| #define HAVE_SYS_STAT_H 1
| #define HAVE_STDLIB_H 1
| #define HAVE_STRING_H 1
| #define HAVE_MEMORY_H 1
| #define HAVE_STRINGS_H 1
| #define HAVE_INTTYPES_H 1
| #define HAVE_STDINT_H 1
| #define HAVE_UNISTD_H 1
| #define HAVE_ERRNO_H 1
| #define HAVE_FLOAT_H 1
| #define HAVE_LIMITS_H 1
| #define HAVE_STDLIB_H 1
| #define HAVE_STRING_H 1
| #define HAVE_UNISTD_H 1
| #define HAVE_F2C_H 1
| #define HAVE_GSL_GSL_POLY_H 1
| #define HAVE_DXFLIB_DL_DXF_H 1
| #define HAVE_DXFLIB_DL_WRITER_ASCII_H 1
| #define HAVE_UNISTD_H 1
| #define HAVE_FORK 1
| #define HAVE_VFORK 1
| #define HAVE_WORKING_VFORK 1
| #define HAVE_STRFTIME 1
| #define HAVE_RINT 1
| #define HAVE_SQRT 1
| #define HAVE_STRERROR 1
| /* end confdefs.h.  */
| #include <sys/types.h>
| #include <sys/param.h>
| 
| int
| main ()
| {
| #if BYTE_ORDER != BIG_ENDIAN
|  not big endian
| #endif
| 
|   ;
|   return 0;
| }
configure:6381: result: no
configure:6402: WARNING: your CFLAGS variable has optimizing turned on-this may break the code
configure:6548: creating ./config.status

## ---------------------- ##
## Running config.status. ##
## ---------------------- ##

This file was extended by Apt360 config.status 1.0, which was
generated by GNU Autoconf 2.58.  Invocation command line was

  CONFIG_FILES    = 
  CONFIG_HEADERS  = 
  CONFIG_LINKS    = 
  CONFIG_COMMANDS = 
  $ ./config.status 

on suse7

config.status:703: creating Makefile
config.status:703: creating src/Makefile
config.status:703: creating doc/Makefile
config.status:703: creating maclib/Makefile
config.status:703: creating orig_source/Makefile
config.status:703: creating examples/Makefile
config.status:703: creating vim/Makefile
config.status:703: creating vim/syntax/Makefile
config.status:807: creating config.h
config.status:1141: executing depfiles commands

## ---------------- ##
## Cache variables. ##
## ---------------- ##

ac_cv_c_bigendian=no
ac_cv_c_compiler_gnu=yes
ac_cv_c_const=yes
ac_cv_cxx_compiler_gnu=yes
ac_cv_env_CC_set=
ac_cv_env_CC_value=
ac_cv_env_CFLAGS_set=
ac_cv_env_CFLAGS_value=
ac_cv_env_CPPFLAGS_set=
ac_cv_env_CPPFLAGS_value=
ac_cv_env_CPP_set=
ac_cv_env_CPP_value=
ac_cv_env_CXXCPP_set=
ac_cv_env_CXXCPP_value=
ac_cv_env_CXXFLAGS_set=
ac_cv_env_CXXFLAGS_value=
ac_cv_env_CXX_set=
ac_cv_env_CXX_value=
ac_cv_env_LDFLAGS_set=
ac_cv_env_LDFLAGS_value=
ac_cv_env_build_alias_set=
ac_cv_env_build_alias_value=
ac_cv_env_host_alias_set=
ac_cv_env_host_alias_value=
ac_cv_env_target_alias_set=
ac_cv_env_target_alias_value=
ac_cv_exeext=
ac_cv_func_fork=yes
ac_cv_func_fork_works=no
ac_cv_func_rint=yes
ac_cv_func_sqrt=yes
ac_cv_func_strerror=yes
ac_cv_func_strftime=yes
ac_cv_func_vfork=yes
ac_cv_func_vfork_works=yes
ac_cv_header_dxflib_dl_dxf_h=yes
ac_cv_header_dxflib_dl_writer_ascii_h=yes
ac_cv_header_errno_h=yes
ac_cv_header_f2c_h=yes
ac_cv_header_float_h=yes
ac_cv_header_gsl_gsl_poly_h=yes
ac_cv_header_inttypes_h=yes
ac_cv_header_limits_h=yes
ac_cv_header_memory_h=yes
ac_cv_header_stdc=yes
ac_cv_header_stdint_h=yes
ac_cv_header_stdlib_h=yes
ac_cv_header_string_h=yes
ac_cv_header_strings_h=yes
ac_cv_header_sys_stat_h=yes
ac_cv_header_sys_types_h=yes
ac_cv_header_sys_wait_h=yes
ac_cv_header_unistd_h=yes
ac_cv_header_vfork_h=no
ac_cv_lib_dxf_main=yes
ac_cv_lib_gsl_gsl_poly_solve_cubic=yes
ac_cv_lib_gslcblas_main=yes
ac_cv_lib_m_fabs=yes
ac_cv_objext=o
ac_cv_path_install=$'/usr/bin/install -c'
ac_cv_prog_AWK=gawk
ac_cv_prog_CPP=$'gcc -E'
ac_cv_prog_CXXCPP=$'g++ -E'
ac_cv_prog_ac_ct_CC=gcc
ac_cv_prog_ac_ct_CXX=g++
ac_cv_prog_cc_g=yes
ac_cv_prog_cc_stdc=
ac_cv_prog_cxx_g=yes
ac_cv_prog_egrep=$'grep -E'
ac_cv_prog_make_make_set=yes
ac_cv_struct_tm=time.h
ac_cv_type_pid_t=yes
am_cv_CC_dependencies_compiler_type=gcc
am_cv_CXX_dependencies_compiler_type=gcc

## ----------------- ##
## Output variables. ##
## ----------------- ##

ACLOCAL='${SHELL} /home/brent/junk/apt360-1.0/missing --run aclocal-1.7'
AMDEPBACKSLASH='\'
AMDEP_FALSE='#'
AMDEP_TRUE=''
AMTAR='${SHELL} /home/brent/junk/apt360-1.0/missing --run tar'
AUTOCONF='${SHELL} /home/brent/junk/apt360-1.0/missing --run autoconf'
AUTOHEADER='${SHELL} /home/brent/junk/apt360-1.0/missing --run autoheader'
AUTOMAKE='${SHELL} /home/brent/junk/apt360-1.0/missing --run automake-1.7'
AWK='gawk'
CC='gcc'
CCAS='$(CC)'
CCASFLAGS='$(CFLAGS)'
CCDEPMODE='depmode=gcc'
CFLAGS='-g -O2'
CPP='gcc -E'
CPPFLAGS=''
CXX='g++'
CXXCPP='g++ -E'
CXXDEPMODE='depmode=gcc'
CXXFLAGS='-g -O2'
CYGPATH_W='echo'
DEFS='-DHAVE_CONFIG_H'
DEPDIR='.deps'
ECHO_C=''
ECHO_N='-n'
ECHO_T=''
EGREP='grep -E'
EXEEXT=''
HASDXF_FALSE='#'
HASDXF_TRUE=''
INSTALL_DATA='${INSTALL} -m 644'
INSTALL_PROGRAM='${INSTALL}'
INSTALL_SCRIPT='${INSTALL}'
INSTALL_STRIP_PROGRAM='${SHELL} $(install_sh) -c -s'
LDFLAGS=''
LIBOBJS=''
LIBS='-lgsl -lgslcblas -lm -ldxf '
LTLIBOBJS=''
MAKEINFO='${SHELL} /home/brent/junk/apt360-1.0/missing --run makeinfo'
OBJEXT='o'
PACKAGE='apt360'
PACKAGE_BUGREPORT='crotchet@sourceforge.net'
PACKAGE_NAME='Apt360'
PACKAGE_STRING='Apt360 1.0'
PACKAGE_TARNAME='apt360'
PACKAGE_VERSION='1.0'
PATH_SEPARATOR=':'
SET_MAKE=''
SHELL='/bin/sh'
STRIP=''
VERSION='1.0'
absolute_build_dir='/home/brent/junk/apt360-1.0'
ac_ct_CC='gcc'
ac_ct_CXX='g++'
ac_ct_STRIP=''
am__fastdepCC_FALSE=''
am__fastdepCC_TRUE='#'
am__fastdepCXX_FALSE=''
am__fastdepCXX_TRUE='#'
am__include='include'
am__leading_dot='.'
am__quote=''
bindir='${exec_prefix}/bin'
build_alias=''
datadir='${prefix}/share'
dxfprog='postDXF'
exec_prefix='${prefix}'
host_alias=''
includedir='${prefix}/include'
infodir='${prefix}/info'
install_sh='/home/brent/junk/apt360-1.0/install-sh'
libdir='${exec_prefix}/lib'
libexecdir='${exec_prefix}/libexec'
localstatedir='${prefix}/var'
mandir='${prefix}/man'
oldincludedir='/usr/include'
prefix='/usr/local'
program_transform_name='s,x,x,'
sbindir='${exec_prefix}/sbin'
sharedstatedir='${prefix}/com'
sysconfdir='${prefix}/etc'
target_alias=''

## ----------- ##
## confdefs.h. ##
## ----------- ##

#define HAVE_DXFLIB_DL_DXF_H 1
#define HAVE_DXFLIB_DL_WRITER_ASCII_H 1
#define HAVE_ERRNO_H 1
#define HAVE_F2C_H 1
#define HAVE_FLOAT_H 1
#define HAVE_FORK 1
#define HAVE_GSL_GSL_POLY_H 1
#define HAVE_INTTYPES_H 1
#define HAVE_LIBDXF 1
#define HAVE_LIBGSL 1
#define HAVE_LIBGSLCBLAS 1
#define HAVE_LIBM 1
#define HAVE_LIMITS_H 1
#define HAVE_MEMORY_H 1
#define HAVE_RINT 1
#define HAVE_SQRT 1
#define HAVE_STDINT_H 1
#define HAVE_STDLIB_H 1
#define HAVE_STDLIB_H 1
#define HAVE_STRERROR 1
#define HAVE_STRFTIME 1
#define HAVE_STRINGS_H 1
#define HAVE_STRING_H 1
#define HAVE_STRING_H 1
#define HAVE_SYS_STAT_H 1
#define HAVE_SYS_TYPES_H 1
#define HAVE_SYS_WAIT_H 1
#define HAVE_UNISTD_H 1
#define HAVE_UNISTD_H 1
#define HAVE_UNISTD_H 1
#define HAVE_VFORK 1
#define HAVE_WORKING_VFORK 1
#define PACKAGE_BUGREPORT "crotchet@sourceforge.net"
#define PACKAGE_NAME "Apt360"
#define PACKAGE_STRING "Apt360 1.0"
#define PACKAGE_TARNAME "apt360"
#define PACKAGE_VERSION "1.0"
#define STDC_HEADERS 1

configure: exit 0
