This file contains any messages produced by compilers while
running configure, to aid debugging if configure makes a mistake.

It was created by Apt360 configure 1.0.3, which was
generated by GNU Autoconf 2.69.  Invocation command line was

  $ ../configure 

## --------- ##
## Platform. ##
## --------- ##

hostname = shd2
uname -m = x86_64
uname -r = 5.7.9-gentoo-x86_64
uname -s = Linux
uname -v = #21 SMP Tue Oct 20 06:39:49 EEST 2020

/usr/bin/uname -p = Intel(R) Xeon(R) CPU E5-2670 0 @ 2.60GHz
/bin/uname -X     = unknown

/bin/arch              = unknown
/usr/bin/arch -k       = unknown
/usr/convex/getsysinfo = unknown
/usr/bin/hostinfo      = unknown
/bin/machine           = unknown
/usr/bin/oslevel       = unknown
/bin/universe          = unknown

PATH: /home/smooker/src/aptos/apt360-1.0.3/src
PATH: /home/smooker/perl5/bin
PATH: /home/smooker/.cargo/bin
PATH: /usr/lib/llvm/9/bin
PATH: /usr/local/sbin
PATH: /usr/local/bin
PATH: /usr/sbin
PATH: /usr/bin
PATH: /sbin
PATH: /bin
PATH: /opt/bin
PATH: /usr/lib64/opencascade-7.4.0/ros/bin
PATH: /usr/lib/llvm/11/bin
PATH: /usr/lib/llvm/10/bin
PATH: /home/smooker/bin
PATH: /home/smooker/bin
PATH: /home/smooker/.local/bin
PATH: /home/smooker/src/stm32/gcc-arm-none-eabi-9-2020-q2-update/bin


## ----------- ##
## Core tests. ##
## ----------- ##

configure:2528: checking for a BSD-compatible install
configure:2596: result: /usr/bin/install -c
configure:2607: checking whether build environment is sane
configure:2662: result: yes
configure:2811: checking for a thread-safe mkdir -p
configure:2850: result: /bin/mkdir -p
configure:2857: checking for gawk
configure:2873: found /usr/bin/gawk
configure:2884: result: gawk
configure:2895: checking whether make sets $(MAKE)
configure:2917: result: yes
configure:2946: checking whether make supports nested variables
configure:2963: result: yes
configure:3142: checking for g++
configure:3158: found /usr/bin/g++
configure:3169: result: g++
configure:3196: checking for C++ compiler version
configure:3205: g++ --version >&5
g++ (Gentoo 10.2.0-r2 p3) 10.2.0
Copyright (C) 2020 Free Software Foundation, Inc.
This is free software; see the source for copying conditions.  There is NO
warranty; not even for MERCHANTABILITY or FITNESS FOR A PARTICULAR PURPOSE.

configure:3216: $? = 0
configure:3205: g++ -v >&5
Using built-in specs.
COLLECT_GCC=g++
COLLECT_LTO_WRAPPER=/usr/libexec/gcc/x86_64-pc-linux-gnu/10.2.0/lto-wrapper
Target: x86_64-pc-linux-gnu
Configured with: /var/tmp/portage/sys-devel/gcc-10.2.0-r2/work/gcc-10.2.0/configure --host=x86_64-pc-linux-gnu --build=x86_64-pc-linux-gnu --prefix=/usr --bindir=/usr/x86_64-pc-linux-gnu/gcc-bin/10.2.0 --includedir=/usr/lib/gcc/x86_64-pc-linux-gnu/10.2.0/include --datadir=/usr/share/gcc-data/x86_64-pc-linux-gnu/10.2.0 --mandir=/usr/share/gcc-data/x86_64-pc-linux-gnu/10.2.0/man --infodir=/usr/share/gcc-data/x86_64-pc-linux-gnu/10.2.0/info --with-gxx-include-dir=/usr/lib/gcc/x86_64-pc-linux-gnu/10.2.0/include/g++-v10 --with-python-dir=/share/gcc-data/x86_64-pc-linux-gnu/10.2.0/python --enable-languages=c,c++,fortran --enable-obsolete --enable-secureplt --disable-werror --with-system-zlib --enable-nls --without-included-gettext --enable-checking=release --with-bugurl=https://bugs.gentoo.org/ --with-pkgversion='Gentoo 10.2.0-r2 p3' --disable-esp --enable-libstdcxx-time --enable-shared --enable-threads=posix --enable-__cxa_atexit --enable-clocale=gnu --disable-multilib --with-multilib-list=m64 --disable-fixed-point --enable-targets=all --enable-libgomp --disable-libssp --disable-libada --disable-systemtap --enable-vtable-verify --without-zstd --enable-lto --without-isl --enable-default-pie --enable-default-ssp
Thread model: posix
Supported LTO compression algorithms: zlib
gcc version 10.2.0 (Gentoo 10.2.0-r2 p3) 
configure:3216: $? = 0
configure:3205: g++ -V >&5
g++: error: unrecognized command-line option '-V'
g++: fatal error: no input files
compilation terminated.
configure:3216: $? = 1
configure:3205: g++ -qversion >&5
g++: error: unrecognized command-line option '-qversion'; did you mean '--version'?
g++: fatal error: no input files
compilation terminated.
configure:3216: $? = 1
configure:3236: checking whether the C++ compiler works
configure:3258: g++    conftest.cpp  >&5
configure:3262: $? = 0
configure:3310: result: yes
configure:3313: checking for C++ compiler default output file name
configure:3315: result: a.out
configure:3321: checking for suffix of executables
configure:3328: g++ -o conftest    conftest.cpp  >&5
configure:3332: $? = 0
configure:3354: result: 
configure:3376: checking whether we are cross compiling
configure:3384: g++ -o conftest    conftest.cpp  >&5
configure:3388: $? = 0
configure:3395: ./conftest
configure:3399: $? = 0
configure:3387: result: no
configure:3392: checking for suffix of object files
configure:3414: g++ -c   conftest.cpp >&5
configure:3418: $? = 0
configure:3439: result: o
configure:3443: checking whether we are using the GNU C++ compiler
configure:3462: g++ -c   conftest.cpp >&5
configure:3462: $? = 0
configure:3471: result: yes
configure:3480: checking whether g++ accepts -g
configure:3500: g++ -c -g  conftest.cpp >&5
configure:3500: $? = 0
configure:3541: result: yes
configure:3567: checking whether make supports the include directive
configure:3582: make -f confmf.GNU && cat confinc.out
this is the am__doit target
configure:3585: $? = 0
configure:3604: result: yes (GNU style)
configure:3629: checking dependency style of g++
configure:3740: result: gcc3
configure:3803: checking for gcc
configure:3819: found /usr/bin/gcc
configure:3830: result: gcc
configure:4059: checking for C compiler version
configure:4068: gcc --version >&5
gcc (Gentoo 10.2.0-r2 p3) 10.2.0
Copyright (C) 2020 Free Software Foundation, Inc.
This is free software; see the source for copying conditions.  There is NO
warranty; not even for MERCHANTABILITY or FITNESS FOR A PARTICULAR PURPOSE.

configure:4079: $? = 0
configure:4068: gcc -v >&5
Using built-in specs.
COLLECT_GCC=gcc
COLLECT_LTO_WRAPPER=/usr/libexec/gcc/x86_64-pc-linux-gnu/10.2.0/lto-wrapper
Target: x86_64-pc-linux-gnu
Configured with: /var/tmp/portage/sys-devel/gcc-10.2.0-r2/work/gcc-10.2.0/configure --host=x86_64-pc-linux-gnu --build=x86_64-pc-linux-gnu --prefix=/usr --bindir=/usr/x86_64-pc-linux-gnu/gcc-bin/10.2.0 --includedir=/usr/lib/gcc/x86_64-pc-linux-gnu/10.2.0/include --datadir=/usr/share/gcc-data/x86_64-pc-linux-gnu/10.2.0 --mandir=/usr/share/gcc-data/x86_64-pc-linux-gnu/10.2.0/man --infodir=/usr/share/gcc-data/x86_64-pc-linux-gnu/10.2.0/info --with-gxx-include-dir=/usr/lib/gcc/x86_64-pc-linux-gnu/10.2.0/include/g++-v10 --with-python-dir=/share/gcc-data/x86_64-pc-linux-gnu/10.2.0/python --enable-languages=c,c++,fortran --enable-obsolete --enable-secureplt --disable-werror --with-system-zlib --enable-nls --without-included-gettext --enable-checking=release --with-bugurl=https://bugs.gentoo.org/ --with-pkgversion='Gentoo 10.2.0-r2 p3' --disable-esp --enable-libstdcxx-time --enable-shared --enable-threads=posix --enable-__cxa_atexit --enable-clocale=gnu --disable-multilib --with-multilib-list=m64 --disable-fixed-point --enable-targets=all --enable-libgomp --disable-libssp --disable-libada --disable-systemtap --enable-vtable-verify --without-zstd --enable-lto --without-isl --enable-default-pie --enable-default-ssp
Thread model: posix
Supported LTO compression algorithms: zlib
gcc version 10.2.0 (Gentoo 10.2.0-r2 p3) 
configure:4079: $? = 0
configure:4068: gcc -V >&5
gcc: error: unrecognized command-line option '-V'
gcc: fatal error: no input files
compilation terminated.
configure:4079: $? = 1
configure:4068: gcc -qversion >&5
gcc: error: unrecognized command-line option '-qversion'; did you mean '--version'?
gcc: fatal error: no input files
compilation terminated.
configure:4079: $? = 1
configure:4083: checking whether we are using the GNU C compiler
configure:4102: gcc -c -g -O0  conftest.c >&5
configure:4102: $? = 0
configure:4111: result: yes
configure:4120: checking whether gcc accepts -g
configure:4140: gcc -c -g  conftest.c >&5
configure:4140: $? = 0
configure:4181: result: yes
configure:4198: checking for gcc option to accept ISO C89
configure:4261: gcc  -c -g -O0  conftest.c >&5
configure:4261: $? = 0
configure:4274: result: none needed
configure:4299: checking whether gcc understands -c and -o together
configure:4321: gcc -c conftest.c -o conftest2.o
configure:4324: $? = 0
configure:4321: gcc -c conftest.c -o conftest2.o
configure:4324: $? = 0
configure:4336: result: yes
configure:4355: checking dependency style of gcc
configure:4466: result: gcc3
configure:4486: checking how to run the C preprocessor
configure:4517: gcc -E  conftest.c
configure:4517: $? = 0
configure:4531: gcc -E  conftest.c
conftest.c:9:10: fatal error: ac_nonexistent.h: No such file or directory
    9 | #include <ac_nonexistent.h>
      |          ^~~~~~~~~~~~~~~~~~
compilation terminated.
configure:4531: $? = 1
configure: failed program was:
| /* confdefs.h */
| #define PACKAGE_NAME "Apt360"
| #define PACKAGE_TARNAME "apt360"
| #define PACKAGE_VERSION "1.0.3"
| #define PACKAGE_STRING "Apt360 1.0.3"
| #define PACKAGE_BUGREPORT "crotchet@sourceforge.net"
| #define PACKAGE_URL ""
| /* end confdefs.h.  */
| #include <ac_nonexistent.h>
configure:4556: result: gcc -E
configure:4576: gcc -E  conftest.c
configure:4576: $? = 0
configure:4590: gcc -E  conftest.c
conftest.c:9:10: fatal error: ac_nonexistent.h: No such file or directory
    9 | #include <ac_nonexistent.h>
      |          ^~~~~~~~~~~~~~~~~~
compilation terminated.
configure:4590: $? = 1
configure: failed program was:
| /* confdefs.h */
| #define PACKAGE_NAME "Apt360"
| #define PACKAGE_TARNAME "apt360"
| #define PACKAGE_VERSION "1.0.3"
| #define PACKAGE_STRING "Apt360 1.0.3"
| #define PACKAGE_BUGREPORT "crotchet@sourceforge.net"
| #define PACKAGE_URL ""
| /* end confdefs.h.  */
| #include <ac_nonexistent.h>
configure:4627: checking dependency style of gcc
configure:4736: result: gcc3
configure:4794: checking for ranlib
configure:4810: found /usr/bin/ranlib
configure:4821: result: ranlib
configure:4846: checking for fabs in -lm
configure:4871: gcc -o conftest -g -O0   conftest.c -lm   >&5
conftest.c:16:6: warning: conflicting types for built-in function 'fabs'; expected 'double(double)' [-Wbuiltin-declaration-mismatch]
   16 | char fabs ();
      |      ^~~~
conftest.c:1:1: note: 'fabs' is declared in header '<math.h>'
    1 | /* confdefs.h */
configure:4871: $? = 0
configure:4880: result: yes
configure:4893: checking for main in -lgslcblas
configure:4912: gcc -o conftest -g -O0   conftest.c -lgslcblas  -lm  >&5
/usr/lib/gcc/x86_64-pc-linux-gnu/10.2.0/../../../../x86_64-pc-linux-gnu/bin/ld: cannot find -lgslcblas
collect2: error: ld returned 1 exit status
configure:4912: $? = 1
configure: failed program was:
| /* confdefs.h */
| #define PACKAGE_NAME "Apt360"
| #define PACKAGE_TARNAME "apt360"
| #define PACKAGE_VERSION "1.0.3"
| #define PACKAGE_STRING "Apt360 1.0.3"
| #define PACKAGE_BUGREPORT "crotchet@sourceforge.net"
| #define PACKAGE_URL ""
| #define HAVE_LIBM 1
| /* end confdefs.h.  */
| 
| 
| int
| main ()
| {
| return main ();
|   ;
|   return 0;
| }
configure:4921: result: no
configure:4932: checking for gsl_poly_solve_cubic in -lgsl
configure:4957: gcc -o conftest -g -O0   conftest.c -lgsl  -lm  >&5
/usr/lib/gcc/x86_64-pc-linux-gnu/10.2.0/../../../../x86_64-pc-linux-gnu/bin/ld: cannot find -lgsl
collect2: error: ld returned 1 exit status
configure:4957: $? = 1
configure: failed program was:
| /* confdefs.h */
| #define PACKAGE_NAME "Apt360"
| #define PACKAGE_TARNAME "apt360"
| #define PACKAGE_VERSION "1.0.3"
| #define PACKAGE_STRING "Apt360 1.0.3"
| #define PACKAGE_BUGREPORT "crotchet@sourceforge.net"
| #define PACKAGE_URL ""
| #define HAVE_LIBM 1
| /* end confdefs.h.  */
| 
| /* Override any GCC internal prototype to avoid an error.
|    Use char because int might match the return type of a GCC
|    builtin and then its argument prototype would still apply.  */
| #ifdef __cplusplus
| extern "C"
| #endif
| char gsl_poly_solve_cubic ();
| int
| main ()
| {
| return gsl_poly_solve_cubic ();
|   ;
|   return 0;
| }
configure:4966: result: no
configure:4976: WARNING: no gsl library- you will not be able to use the TABCYL command
configure:4982: checking for grep that handles long lines and -e
configure:5040: result: /bin/grep
configure:5045: checking for egrep
configure:5107: result: /bin/grep -E
configure:5112: checking for ANSI C header files
configure:5132: gcc -c -g -O0  conftest.c >&5
configure:5132: $? = 0
configure:5205: gcc -o conftest -g -O0   conftest.c -lm  >&5
configure:5205: $? = 0
configure:5205: ./conftest
configure:5205: $? = 0
configure:5216: result: yes
configure:5224: checking for sys/wait.h that is POSIX.1 compatible
configure:5250: gcc -c -g -O0  conftest.c >&5
configure:5250: $? = 0
configure:5257: result: yes
configure:5270: checking for sys/types.h
configure:5270: gcc -c -g -O0  conftest.c >&5
configure:5270: $? = 0
configure:5270: result: yes
configure:5270: checking for sys/stat.h
configure:5270: gcc -c -g -O0  conftest.c >&5
configure:5270: $? = 0
configure:5270: result: yes
configure:5270: checking for stdlib.h
configure:5270: gcc -c -g -O0  conftest.c >&5
configure:5270: $? = 0
configure:5270: result: yes
configure:5270: checking for string.h
configure:5270: gcc -c -g -O0  conftest.c >&5
configure:5270: $? = 0
configure:5270: result: yes
configure:5270: checking for memory.h
configure:5270: gcc -c -g -O0  conftest.c >&5
configure:5270: $? = 0
configure:5270: result: yes
configure:5270: checking for strings.h
configure:5270: gcc -c -g -O0  conftest.c >&5
configure:5270: $? = 0
configure:5270: result: yes
configure:5270: checking for inttypes.h
configure:5270: gcc -c -g -O0  conftest.c >&5
configure:5270: $? = 0
configure:5270: result: yes
configure:5270: checking for stdint.h
configure:5270: gcc -c -g -O0  conftest.c >&5
configure:5270: $? = 0
configure:5270: result: yes
configure:5270: checking for unistd.h
configure:5270: gcc -c -g -O0  conftest.c >&5
configure:5270: $? = 0
configure:5270: result: yes
configure:5285: checking errno.h usability
configure:5285: gcc -c -g -O0  conftest.c >&5
configure:5285: $? = 0
configure:5285: result: yes
configure:5285: checking errno.h presence
configure:5285: gcc -E  conftest.c
configure:5285: $? = 0
configure:5285: result: yes
configure:5285: checking for errno.h
configure:5285: result: yes
configure:5285: checking float.h usability
configure:5285: gcc -c -g -O0  conftest.c >&5
configure:5285: $? = 0
configure:5285: result: yes
configure:5285: checking float.h presence
configure:5285: gcc -E  conftest.c
configure:5285: $? = 0
configure:5285: result: yes
configure:5285: checking for float.h
configure:5285: result: yes
configure:5285: checking limits.h usability
configure:5285: gcc -c -g -O0  conftest.c >&5
configure:5285: $? = 0
configure:5285: result: yes
configure:5285: checking limits.h presence
configure:5285: gcc -E  conftest.c
configure:5285: $? = 0
configure:5285: result: yes
configure:5285: checking for limits.h
configure:5285: result: yes
configure:5285: checking for stdlib.h
configure:5285: result: yes
configure:5285: checking for string.h
configure:5285: result: yes
configure:5285: checking for unistd.h
configure:5285: result: yes
configure:5308: checking how to run the C++ preprocessor
configure:5335: g++ -E  conftest.cpp
configure:5335: $? = 0
configure:5349: g++ -E  conftest.cpp
conftest.cpp:27:10: fatal error: ac_nonexistent.h: No such file or directory
   27 | #include <ac_nonexistent.h>
      |          ^~~~~~~~~~~~~~~~~~
compilation terminated.
configure:5349: $? = 1
configure: failed program was:
| /* confdefs.h */
| #define PACKAGE_NAME "Apt360"
| #define PACKAGE_TARNAME "apt360"
| #define PACKAGE_VERSION "1.0.3"
| #define PACKAGE_STRING "Apt360 1.0.3"
| #define PACKAGE_BUGREPORT "crotchet@sourceforge.net"
| #define PACKAGE_URL ""
| #define HAVE_LIBM 1
| #define STDC_HEADERS 1
| #define HAVE_SYS_WAIT_H 1
| #define HAVE_SYS_TYPES_H 1
| #define HAVE_SYS_STAT_H 1
| #define HAVE_STDLIB_H 1
| #define HAVE_STRING_H 1
| #define HAVE_MEMORY_H 1
| #define HAVE_STRINGS_H 1
| #define HAVE_INTTYPES_H 1
| #define HAVE_STDINT_H 1
| #define HAVE_UNISTD_H 1
| #define HAVE_ERRNO_H 1
| #define HAVE_FLOAT_H 1
| #define HAVE_LIMITS_H 1
| #define HAVE_STDLIB_H 1
| #define HAVE_STRING_H 1
| #define HAVE_UNISTD_H 1
| /* end confdefs.h.  */
| #include <ac_nonexistent.h>
configure:5374: result: g++ -E
configure:5394: g++ -E  conftest.cpp
configure:5394: $? = 0
configure:5408: g++ -E  conftest.cpp
conftest.cpp:27:10: fatal error: ac_nonexistent.h: No such file or directory
   27 | #include <ac_nonexistent.h>
      |          ^~~~~~~~~~~~~~~~~~
compilation terminated.
configure:5408: $? = 1
configure: failed program was:
| /* confdefs.h */
| #define PACKAGE_NAME "Apt360"
| #define PACKAGE_TARNAME "apt360"
| #define PACKAGE_VERSION "1.0.3"
| #define PACKAGE_STRING "Apt360 1.0.3"
| #define PACKAGE_BUGREPORT "crotchet@sourceforge.net"
| #define PACKAGE_URL ""
| #define HAVE_LIBM 1
| #define STDC_HEADERS 1
| #define HAVE_SYS_WAIT_H 1
| #define HAVE_SYS_TYPES_H 1
| #define HAVE_SYS_STAT_H 1
| #define HAVE_STDLIB_H 1
| #define HAVE_STRING_H 1
| #define HAVE_MEMORY_H 1
| #define HAVE_STRINGS_H 1
| #define HAVE_INTTYPES_H 1
| #define HAVE_STDINT_H 1
| #define HAVE_UNISTD_H 1
| #define HAVE_ERRNO_H 1
| #define HAVE_FLOAT_H 1
| #define HAVE_LIMITS_H 1
| #define HAVE_STDLIB_H 1
| #define HAVE_STRING_H 1
| #define HAVE_UNISTD_H 1
| /* end confdefs.h.  */
| #include <ac_nonexistent.h>
configure:5439: checking gsl/gsl_poly.h usability
configure:5439: g++ -c -g -O2  conftest.cpp >&5
conftest.cpp:60:10: fatal error: gsl/gsl_poly.h: No such file or directory
   60 | #include <gsl/gsl_poly.h>
      |          ^~~~~~~~~~~~~~~~
compilation terminated.
configure:5439: $? = 1
configure: failed program was:
| /* confdefs.h */
| #define PACKAGE_NAME "Apt360"
| #define PACKAGE_TARNAME "apt360"
| #define PACKAGE_VERSION "1.0.3"
| #define PACKAGE_STRING "Apt360 1.0.3"
| #define PACKAGE_BUGREPORT "crotchet@sourceforge.net"
| #define PACKAGE_URL ""
| #define HAVE_LIBM 1
| #define STDC_HEADERS 1
| #define HAVE_SYS_WAIT_H 1
| #define HAVE_SYS_TYPES_H 1
| #define HAVE_SYS_STAT_H 1
| #define HAVE_STDLIB_H 1
| #define HAVE_STRING_H 1
| #define HAVE_MEMORY_H 1
| #define HAVE_STRINGS_H 1
| #define HAVE_INTTYPES_H 1
| #define HAVE_STDINT_H 1
| #define HAVE_UNISTD_H 1
| #define HAVE_ERRNO_H 1
| #define HAVE_FLOAT_H 1
| #define HAVE_LIMITS_H 1
| #define HAVE_STDLIB_H 1
| #define HAVE_STRING_H 1
| #define HAVE_UNISTD_H 1
| /* end confdefs.h.  */
| #include <stdio.h>
| #ifdef HAVE_SYS_TYPES_H
| # include <sys/types.h>
| #endif
| #ifdef HAVE_SYS_STAT_H
| # include <sys/stat.h>
| #endif
| #ifdef STDC_HEADERS
| # include <stdlib.h>
| # include <stddef.h>
| #else
| # ifdef HAVE_STDLIB_H
| #  include <stdlib.h>
| # endif
| #endif
| #ifdef HAVE_STRING_H
| # if !defined STDC_HEADERS && defined HAVE_MEMORY_H
| #  include <memory.h>
| # endif
| # include <string.h>
| #endif
| #ifdef HAVE_STRINGS_H
| # include <strings.h>
| #endif
| #ifdef HAVE_INTTYPES_H
| # include <inttypes.h>
| #endif
| #ifdef HAVE_STDINT_H
| # include <stdint.h>
| #endif
| #ifdef HAVE_UNISTD_H
| # include <unistd.h>
| #endif
| #include <gsl/gsl_poly.h>
configure:5439: result: no
configure:5439: checking gsl/gsl_poly.h presence
configure:5439: g++ -E  conftest.cpp
conftest.cpp:27:10: fatal error: gsl/gsl_poly.h: No such file or directory
   27 | #include <gsl/gsl_poly.h>
      |          ^~~~~~~~~~~~~~~~
compilation terminated.
configure:5439: $? = 1
configure: failed program was:
| /* confdefs.h */
| #define PACKAGE_NAME "Apt360"
| #define PACKAGE_TARNAME "apt360"
| #define PACKAGE_VERSION "1.0.3"
| #define PACKAGE_STRING "Apt360 1.0.3"
| #define PACKAGE_BUGREPORT "crotchet@sourceforge.net"
| #define PACKAGE_URL ""
| #define HAVE_LIBM 1
| #define STDC_HEADERS 1
| #define HAVE_SYS_WAIT_H 1
| #define HAVE_SYS_TYPES_H 1
| #define HAVE_SYS_STAT_H 1
| #define HAVE_STDLIB_H 1
| #define HAVE_STRING_H 1
| #define HAVE_MEMORY_H 1
| #define HAVE_STRINGS_H 1
| #define HAVE_INTTYPES_H 1
| #define HAVE_STDINT_H 1
| #define HAVE_UNISTD_H 1
| #define HAVE_ERRNO_H 1
| #define HAVE_FLOAT_H 1
| #define HAVE_LIMITS_H 1
| #define HAVE_STDLIB_H 1
| #define HAVE_STRING_H 1
| #define HAVE_UNISTD_H 1
| /* end confdefs.h.  */
| #include <gsl/gsl_poly.h>
configure:5439: result: no
configure:5439: checking for gsl/gsl_poly.h
configure:5439: result: no
configure:5450: checking for an ANSI C-conforming const
configure:5516: g++ -c -g -O2  conftest.cpp >&5
configure:5516: $? = 0
configure:5523: result: yes
configure:5531: checking whether struct tm is in sys/time.h or time.h
configure:5551: g++ -c -g -O2  conftest.cpp >&5
configure:5551: $? = 0
configure:5558: result: time.h
configure:5567: checking for pid_t
configure:5567: g++ -c -g -O2  conftest.cpp >&5
configure:5567: $? = 0
configure:5567: g++ -c -g -O2  conftest.cpp >&5
conftest.cpp: In function 'int main()':
conftest.cpp:63:19: error: expected primary-expression before ')' token
   63 | if (sizeof ((pid_t)))
      |                   ^
configure:5567: $? = 1
configure: failed program was:
| /* confdefs.h */
| #define PACKAGE_NAME "Apt360"
| #define PACKAGE_TARNAME "apt360"
| #define PACKAGE_VERSION "1.0.3"
| #define PACKAGE_STRING "Apt360 1.0.3"
| #define PACKAGE_BUGREPORT "crotchet@sourceforge.net"
| #define PACKAGE_URL ""
| #define HAVE_LIBM 1
| #define STDC_HEADERS 1
| #define HAVE_SYS_WAIT_H 1
| #define HAVE_SYS_TYPES_H 1
| #define HAVE_SYS_STAT_H 1
| #define HAVE_STDLIB_H 1
| #define HAVE_STRING_H 1
| #define HAVE_MEMORY_H 1
| #define HAVE_STRINGS_H 1
| #define HAVE_INTTYPES_H 1
| #define HAVE_STDINT_H 1
| #define HAVE_UNISTD_H 1
| #define HAVE_ERRNO_H 1
| #define HAVE_FLOAT_H 1
| #define HAVE_LIMITS_H 1
| #define HAVE_STDLIB_H 1
| #define HAVE_STRING_H 1
| #define HAVE_UNISTD_H 1
| /* end confdefs.h.  */
| #include <stdio.h>
| #ifdef HAVE_SYS_TYPES_H
| # include <sys/types.h>
| #endif
| #ifdef HAVE_SYS_STAT_H
| # include <sys/stat.h>
| #endif
| #ifdef STDC_HEADERS
| # include <stdlib.h>
| # include <stddef.h>
| #else
| # ifdef HAVE_STDLIB_H
| #  include <stdlib.h>
| # endif
| #endif
| #ifdef HAVE_STRING_H
| # if !defined STDC_HEADERS && defined HAVE_MEMORY_H
| #  include <memory.h>
| # endif
| # include <string.h>
| #endif
| #ifdef HAVE_STRINGS_H
| # include <strings.h>
| #endif
| #ifdef HAVE_INTTYPES_H
| # include <inttypes.h>
| #endif
| #ifdef HAVE_STDINT_H
| # include <stdint.h>
| #endif
| #ifdef HAVE_UNISTD_H
| # include <unistd.h>
| #endif
| int
| main ()
| {
| if (sizeof ((pid_t)))
| 	    return 0;
|   ;
|   return 0;
| }
configure:5567: result: yes
configure:5580: checking vfork.h usability
configure:5580: g++ -c -g -O2  conftest.cpp >&5
conftest.cpp:60:10: fatal error: vfork.h: No such file or directory
   60 | #include <vfork.h>
      |          ^~~~~~~~~
compilation terminated.
configure:5580: $? = 1
configure: failed program was:
| /* confdefs.h */
| #define PACKAGE_NAME "Apt360"
| #define PACKAGE_TARNAME "apt360"
| #define PACKAGE_VERSION "1.0.3"
| #define PACKAGE_STRING "Apt360 1.0.3"
| #define PACKAGE_BUGREPORT "crotchet@sourceforge.net"
| #define PACKAGE_URL ""
| #define HAVE_LIBM 1
| #define STDC_HEADERS 1
| #define HAVE_SYS_WAIT_H 1
| #define HAVE_SYS_TYPES_H 1
| #define HAVE_SYS_STAT_H 1
| #define HAVE_STDLIB_H 1
| #define HAVE_STRING_H 1
| #define HAVE_MEMORY_H 1
| #define HAVE_STRINGS_H 1
| #define HAVE_INTTYPES_H 1
| #define HAVE_STDINT_H 1
| #define HAVE_UNISTD_H 1
| #define HAVE_ERRNO_H 1
| #define HAVE_FLOAT_H 1
| #define HAVE_LIMITS_H 1
| #define HAVE_STDLIB_H 1
| #define HAVE_STRING_H 1
| #define HAVE_UNISTD_H 1
| /* end confdefs.h.  */
| #include <stdio.h>
| #ifdef HAVE_SYS_TYPES_H
| # include <sys/types.h>
| #endif
| #ifdef HAVE_SYS_STAT_H
| # include <sys/stat.h>
| #endif
| #ifdef STDC_HEADERS
| # include <stdlib.h>
| # include <stddef.h>
| #else
| # ifdef HAVE_STDLIB_H
| #  include <stdlib.h>
| # endif
| #endif
| #ifdef HAVE_STRING_H
| # if !defined STDC_HEADERS && defined HAVE_MEMORY_H
| #  include <memory.h>
| # endif
| # include <string.h>
| #endif
| #ifdef HAVE_STRINGS_H
| # include <strings.h>
| #endif
| #ifdef HAVE_INTTYPES_H
| # include <inttypes.h>
| #endif
| #ifdef HAVE_STDINT_H
| # include <stdint.h>
| #endif
| #ifdef HAVE_UNISTD_H
| # include <unistd.h>
| #endif
| #include <vfork.h>
configure:5580: result: no
configure:5580: checking vfork.h presence
configure:5580: g++ -E  conftest.cpp
conftest.cpp:27:10: fatal error: vfork.h: No such file or directory
   27 | #include <vfork.h>
      |          ^~~~~~~~~
compilation terminated.
configure:5580: $? = 1
configure: failed program was:
| /* confdefs.h */
| #define PACKAGE_NAME "Apt360"
| #define PACKAGE_TARNAME "apt360"
| #define PACKAGE_VERSION "1.0.3"
| #define PACKAGE_STRING "Apt360 1.0.3"
| #define PACKAGE_BUGREPORT "crotchet@sourceforge.net"
| #define PACKAGE_URL ""
| #define HAVE_LIBM 1
| #define STDC_HEADERS 1
| #define HAVE_SYS_WAIT_H 1
| #define HAVE_SYS_TYPES_H 1
| #define HAVE_SYS_STAT_H 1
| #define HAVE_STDLIB_H 1
| #define HAVE_STRING_H 1
| #define HAVE_MEMORY_H 1
| #define HAVE_STRINGS_H 1
| #define HAVE_INTTYPES_H 1
| #define HAVE_STDINT_H 1
| #define HAVE_UNISTD_H 1
| #define HAVE_ERRNO_H 1
| #define HAVE_FLOAT_H 1
| #define HAVE_LIMITS_H 1
| #define HAVE_STDLIB_H 1
| #define HAVE_STRING_H 1
| #define HAVE_UNISTD_H 1
| /* end confdefs.h.  */
| #include <vfork.h>
configure:5580: result: no
configure:5580: checking for vfork.h
configure:5580: result: no
configure:5593: checking for fork
configure:5593: g++ -o conftest -g -O2   conftest.cpp -lm  >&5
conftest.cpp:50:6: warning: declaration of 'char fork()' conflicts with built-in declaration 'int fork()' [-Wbuiltin-declaration-mismatch]
   50 | char fork ();
      |      ^~~~
configure:5593: $? = 0
configure:5593: result: yes
configure:5593: checking for vfork
configure:5593: g++ -o conftest -g -O2   conftest.cpp -lm  >&5
configure:5593: $? = 0
configure:5593: result: yes
configure:5603: checking for working fork
configure:5625: g++ -o conftest -g -O2   conftest.cpp -lm  >&5
configure:5625: $? = 0
configure:5625: ./conftest
configure:5625: $? = 0
configure:5635: result: yes
configure:5656: checking for working vfork
configure:5766: result: yes
configure:5793: checking for strftime
configure:5793: g++ -o conftest -g -O2   conftest.cpp -lm  >&5
conftest.cpp:54:6: warning: declaration of 'char strftime()' conflicts with built-in declaration 'long unsigned int strftime(char*, long unsigned int, const char*, const void*)' [-Wbuiltin-declaration-mismatch]
   54 | char strftime ();
      |      ^~~~~~~~
configure:5793: $? = 0
configure:5793: result: yes
configure:5849: checking for rint
configure:5849: g++ -o conftest -g -O2   conftest.cpp -lm  >&5
conftest.cpp:55:6: warning: declaration of 'char rint()' conflicts with built-in declaration 'double rint(double)' [-Wbuiltin-declaration-mismatch]
   55 | char rint ();
      |      ^~~~
configure:5849: $? = 0
configure:5849: result: yes
configure:5849: checking for sqrt
configure:5849: g++ -o conftest -g -O2   conftest.cpp -lm  >&5
conftest.cpp:56:6: warning: declaration of 'char sqrt()' conflicts with built-in declaration 'double sqrt(double)' [-Wbuiltin-declaration-mismatch]
   56 | char sqrt ();
      |      ^~~~
configure:5849: $? = 0
configure:5849: result: yes
configure:5849: checking for strerror
configure:5849: g++ -o conftest -g -O2   conftest.cpp -lm  >&5
configure:5849: $? = 0
configure:5849: result: yes
configure:5860: checking whether make sets $(MAKE)
configure:5882: result: yes
configure:5893: checking whether byte ordering is bigendian
configure:5908: g++ -c -g -O2  conftest.cpp >&5
conftest.cpp:36:9: error: expected unqualified-id before 'not' token
   36 |         not a universal capable compiler
      |         ^~~
configure:5908: $? = 1
configure: failed program was:
| /* confdefs.h */
| #define PACKAGE_NAME "Apt360"
| #define PACKAGE_TARNAME "apt360"
| #define PACKAGE_VERSION "1.0.3"
| #define PACKAGE_STRING "Apt360 1.0.3"
| #define PACKAGE_BUGREPORT "crotchet@sourceforge.net"
| #define PACKAGE_URL ""
| #define HAVE_LIBM 1
| #define STDC_HEADERS 1
| #define HAVE_SYS_WAIT_H 1
| #define HAVE_SYS_TYPES_H 1
| #define HAVE_SYS_STAT_H 1
| #define HAVE_STDLIB_H 1
| #define HAVE_STRING_H 1
| #define HAVE_MEMORY_H 1
| #define HAVE_STRINGS_H 1
| #define HAVE_INTTYPES_H 1
| #define HAVE_STDINT_H 1
| #define HAVE_UNISTD_H 1
| #define HAVE_ERRNO_H 1
| #define HAVE_FLOAT_H 1
| #define HAVE_LIMITS_H 1
| #define HAVE_STDLIB_H 1
| #define HAVE_STRING_H 1
| #define HAVE_UNISTD_H 1
| #define HAVE_FORK 1
| #define HAVE_VFORK 1
| #define HAVE_WORKING_VFORK 1
| #define HAVE_WORKING_FORK 1
| #define HAVE_STRFTIME 1
| #define HAVE_RINT 1
| #define HAVE_SQRT 1
| #define HAVE_STRERROR 1
| /* end confdefs.h.  */
| #ifndef __APPLE_CC__
| 	       not a universal capable compiler
| 	     #endif
| 	     typedef int dummy;
| 
configure:5953: g++ -c -g -O2  conftest.cpp >&5
configure:5953: $? = 0
configure:5971: g++ -c -g -O2  conftest.cpp >&5
conftest.cpp: In function 'int main()':
conftest.cpp:42:8: error: 'big' was not declared in this scope
   42 |    not big endian
      |        ^~~
configure:5971: $? = 1
configure: failed program was:
| /* confdefs.h */
| #define PACKAGE_NAME "Apt360"
| #define PACKAGE_TARNAME "apt360"
| #define PACKAGE_VERSION "1.0.3"
| #define PACKAGE_STRING "Apt360 1.0.3"
| #define PACKAGE_BUGREPORT "crotchet@sourceforge.net"
| #define PACKAGE_URL ""
| #define HAVE_LIBM 1
| #define STDC_HEADERS 1
| #define HAVE_SYS_WAIT_H 1
| #define HAVE_SYS_TYPES_H 1
| #define HAVE_SYS_STAT_H 1
| #define HAVE_STDLIB_H 1
| #define HAVE_STRING_H 1
| #define HAVE_MEMORY_H 1
| #define HAVE_STRINGS_H 1
| #define HAVE_INTTYPES_H 1
| #define HAVE_STDINT_H 1
| #define HAVE_UNISTD_H 1
| #define HAVE_ERRNO_H 1
| #define HAVE_FLOAT_H 1
| #define HAVE_LIMITS_H 1
| #define HAVE_STDLIB_H 1
| #define HAVE_STRING_H 1
| #define HAVE_UNISTD_H 1
| #define HAVE_FORK 1
| #define HAVE_VFORK 1
| #define HAVE_WORKING_VFORK 1
| #define HAVE_WORKING_FORK 1
| #define HAVE_STRFTIME 1
| #define HAVE_RINT 1
| #define HAVE_SQRT 1
| #define HAVE_STRERROR 1
| /* end confdefs.h.  */
| #include <sys/types.h>
| 		#include <sys/param.h>
| 
| int
| main ()
| {
| #if BYTE_ORDER != BIG_ENDIAN
| 		 not big endian
| 		#endif
| 
|   ;
|   return 0;
| }
configure:6099: result: no
configure:6233: checking that generated files are newer than configure
configure:6239: result: done
configure:6271: creating ./config.status

## ---------------------- ##
## Running config.status. ##
## ---------------------- ##

This file was extended by Apt360 config.status 1.0.3, which was
generated by GNU Autoconf 2.69.  Invocation command line was

  CONFIG_FILES    = 
  CONFIG_HEADERS  = 
  CONFIG_LINKS    = 
  CONFIG_COMMANDS = 
  $ ./config.status 

on shd2

config.status:887: creating Makefile
config.status:887: creating src/Makefile
config.status:887: creating doc/Makefile
config.status:887: creating maclib/Makefile
config.status:887: creating orig_source/Makefile
config.status:887: creating examples/Makefile
config.status:887: creating vim/Makefile
config.status:887: creating vim/syntax/Makefile
config.status:887: creating doc/manual/Makefile
config.status:887: creating doc/manual/images/Makefile
config.status:887: creating libf2c/Makefile
config.status:887: creating config.h
config.status:1053: config.h is unchanged
config.status:1101: executing depfiles commands
config.status:1178: cd src       && sed -e '/# am--include-marker/d' Makefile         | make -f - am--depfiles
make: Nothing to be done for 'am--depfiles'.
config.status:1183: $? = 0
config.status:1178: cd libf2c       && sed -e '/# am--include-marker/d' Makefile         | make -f - am--depfiles
make: Nothing to be done for 'am--depfiles'.
config.status:1183: $? = 0

## ---------------- ##
## Cache variables. ##
## ---------------- ##

ac_cv_c_bigendian=no
ac_cv_c_compiler_gnu=yes
ac_cv_c_const=yes
ac_cv_cxx_compiler_gnu=yes
ac_cv_env_CCASFLAGS_set=
ac_cv_env_CCASFLAGS_value=
ac_cv_env_CCAS_set=
ac_cv_env_CCAS_value=
ac_cv_env_CCC_set=
ac_cv_env_CCC_value=
ac_cv_env_CC_set=
ac_cv_env_CC_value=
ac_cv_env_CFLAGS_set=
ac_cv_env_CFLAGS_value=
ac_cv_env_CPPFLAGS_set=
ac_cv_env_CPPFLAGS_value=
ac_cv_env_CPP_set=
ac_cv_env_CPP_value=
ac_cv_env_CXXCPP_set=
ac_cv_env_CXXCPP_value=
ac_cv_env_CXXFLAGS_set=
ac_cv_env_CXXFLAGS_value=
ac_cv_env_CXX_set=
ac_cv_env_CXX_value=
ac_cv_env_LDFLAGS_set=
ac_cv_env_LDFLAGS_value=
ac_cv_env_LIBS_set=
ac_cv_env_LIBS_value=
ac_cv_env_build_alias_set=
ac_cv_env_build_alias_value=
ac_cv_env_host_alias_set=
ac_cv_env_host_alias_value=
ac_cv_env_target_alias_set=
ac_cv_env_target_alias_value=
ac_cv_func_fork=yes
ac_cv_func_fork_works=yes
ac_cv_func_rint=yes
ac_cv_func_sqrt=yes
ac_cv_func_strerror=yes
ac_cv_func_strftime=yes
ac_cv_func_vfork=yes
ac_cv_func_vfork_works=yes
ac_cv_header_errno_h=yes
ac_cv_header_float_h=yes
ac_cv_header_gsl_gsl_poly_h=no
ac_cv_header_inttypes_h=yes
ac_cv_header_limits_h=yes
ac_cv_header_memory_h=yes
ac_cv_header_stdc=yes
ac_cv_header_stdint_h=yes
ac_cv_header_stdlib_h=yes
ac_cv_header_string_h=yes
ac_cv_header_strings_h=yes
ac_cv_header_sys_stat_h=yes
ac_cv_header_sys_types_h=yes
ac_cv_header_sys_wait_h=yes
ac_cv_header_unistd_h=yes
ac_cv_header_vfork_h=no
ac_cv_lib_gsl_gsl_poly_solve_cubic=no
ac_cv_lib_gslcblas_main=no
ac_cv_lib_m_fabs=yes
ac_cv_objext=o
ac_cv_path_EGREP='/bin/grep -E'
ac_cv_path_GREP=/bin/grep
ac_cv_path_install='/usr/bin/install -c'
ac_cv_path_mkdir=/bin/mkdir
ac_cv_prog_AWK=gawk
ac_cv_prog_CPP='gcc -E'
ac_cv_prog_CXXCPP='g++ -E'
ac_cv_prog_ac_ct_CC=gcc
ac_cv_prog_ac_ct_CXX=g++
ac_cv_prog_ac_ct_RANLIB=ranlib
ac_cv_prog_cc_c89=
ac_cv_prog_cc_g=yes
ac_cv_prog_cxx_g=yes
ac_cv_prog_make_make_set=yes
ac_cv_struct_tm=time.h
ac_cv_type_pid_t=yes
am_cv_CCAS_dependencies_compiler_type=gcc3
am_cv_CC_dependencies_compiler_type=gcc3
am_cv_CXX_dependencies_compiler_type=gcc3
am_cv_make_support_nested_variables=yes
am_cv_prog_cc_c_o=yes

## ----------------- ##
## Output variables. ##
## ----------------- ##

ACLOCAL='${SHELL} /home/smooker/src/aptos/aptos-apt360_1/missing aclocal-1.16'
AMDEPBACKSLASH='\'
AMDEP_FALSE='#'
AMDEP_TRUE=''
AMTAR='$${TAR-tar}'
AM_BACKSLASH='\'
AM_DEFAULT_V='$(AM_DEFAULT_VERBOSITY)'
AM_DEFAULT_VERBOSITY='1'
AM_V='$(V)'
AUTOCONF='${SHELL} /home/smooker/src/aptos/aptos-apt360_1/missing autoconf'
AUTOHEADER='${SHELL} /home/smooker/src/aptos/aptos-apt360_1/missing autoheader'
AUTOMAKE='${SHELL} /home/smooker/src/aptos/aptos-apt360_1/missing automake-1.16'
AWK='gawk'
CC='gcc'
CCAS='gcc'
CCASDEPMODE='depmode=gcc3'
CCASFLAGS='-g -O0'
CCDEPMODE='depmode=gcc3'
CFLAGS='-g -O0'
CPP='gcc -E'
CPPFLAGS=''
CXX='g++'
CXXCPP='g++ -E'
CXXDEPMODE='depmode=gcc3'
CXXFLAGS='-g -O2'
CYGPATH_W='echo'
DEFS='-DHAVE_CONFIG_H'
DEPDIR='.deps'
ECHO_C=''
ECHO_N='-n'
ECHO_T=''
EGREP='/bin/grep -E'
EXEEXT=''
GREP='/bin/grep'
INSTALL_DATA='${INSTALL} -m 644'
INSTALL_PROGRAM='${INSTALL}'
INSTALL_SCRIPT='${INSTALL}'
INSTALL_STRIP_PROGRAM='$(install_sh) -c -s'
LDFLAGS=''
LIBOBJS=''
LIBS='-lm '
LTLIBOBJS=''
MAKEINFO='${SHELL} /home/smooker/src/aptos/aptos-apt360_1/missing makeinfo'
MKDIR_P='/bin/mkdir -p'
OBJEXT='o'
PACKAGE='apt360'
PACKAGE_BUGREPORT='crotchet@sourceforge.net'
PACKAGE_NAME='Apt360'
PACKAGE_STRING='Apt360 1.0.3'
PACKAGE_TARNAME='apt360'
PACKAGE_URL=''
PACKAGE_VERSION='1.0.3'
PATH_SEPARATOR=':'
RANLIB='ranlib'
SET_MAKE=''
SHELL='/bin/sh'
STRIP=''
VERSION='1.0.3'
absolute_build_dir='/home/smooker/src/aptos/aptos-apt360_1/build'
ac_ct_CC='gcc'
ac_ct_CXX='g++'
am__EXEEXT_FALSE=''
am__EXEEXT_TRUE='#'
am__fastdepCCAS_FALSE='#'
am__fastdepCCAS_TRUE=''
am__fastdepCC_FALSE='#'
am__fastdepCC_TRUE=''
am__fastdepCXX_FALSE='#'
am__fastdepCXX_TRUE=''
am__include='include'
am__isrc=' -I$(srcdir)'
am__leading_dot='.'
am__nodep='_no'
am__quote=''
am__tar='$${TAR-tar} chof - "$$tardir"'
am__untar='$${TAR-tar} xf -'
bindir='${exec_prefix}/bin'
build_alias=''
datadir='${datarootdir}'
datarootdir='${prefix}/share'
docdir='${datarootdir}/doc/${PACKAGE_TARNAME}'
dvidir='${docdir}'
exec_prefix='${prefix}'
host_alias=''
htmldir='${docdir}'
includedir='${prefix}/include'
infodir='${datarootdir}/info'
install_sh='${SHELL} /home/smooker/src/aptos/aptos-apt360_1/install-sh'
libdir='${exec_prefix}/lib'
libexecdir='${exec_prefix}/libexec'
localedir='${datarootdir}/locale'
localstatedir='${prefix}/var'
mandir='${datarootdir}/man'
mkdir_p='$(MKDIR_P)'
oldincludedir='/usr/include'
pdfdir='${docdir}'
prefix='/usr/local'
program_transform_name='s,x,x,'
psdir='${docdir}'
runstatedir='${localstatedir}/run'
sbindir='${exec_prefix}/sbin'
sharedstatedir='${prefix}/com'
sysconfdir='${prefix}/etc'
target_alias=''

## ----------- ##
## confdefs.h. ##
## ----------- ##

/* confdefs.h */
#define PACKAGE_NAME "Apt360"
#define PACKAGE_TARNAME "apt360"
#define PACKAGE_VERSION "1.0.3"
#define PACKAGE_STRING "Apt360 1.0.3"
#define PACKAGE_BUGREPORT "crotchet@sourceforge.net"
#define PACKAGE_URL ""
#define HAVE_LIBM 1
#define STDC_HEADERS 1
#define HAVE_SYS_WAIT_H 1
#define HAVE_SYS_TYPES_H 1
#define HAVE_SYS_STAT_H 1
#define HAVE_STDLIB_H 1
#define HAVE_STRING_H 1
#define HAVE_MEMORY_H 1
#define HAVE_STRINGS_H 1
#define HAVE_INTTYPES_H 1
#define HAVE_STDINT_H 1
#define HAVE_UNISTD_H 1
#define HAVE_ERRNO_H 1
#define HAVE_FLOAT_H 1
#define HAVE_LIMITS_H 1
#define HAVE_STDLIB_H 1
#define HAVE_STRING_H 1
#define HAVE_UNISTD_H 1
#define HAVE_FORK 1
#define HAVE_VFORK 1
#define HAVE_WORKING_VFORK 1
#define HAVE_WORKING_FORK 1
#define HAVE_STRFTIME 1
#define HAVE_RINT 1
#define HAVE_SQRT 1
#define HAVE_STRERROR 1

configure: exit 0
